<?xml version="1.0" encoding="UTF-8"?>
<!-- Generated by org.testng.reporters.JUnitReportReporter -->
<testsuite hostname="DESKTOP-8BIQ62C" failures="0" tests="2" name="TestRunner.Test0011" time="21.624" errors="0" timestamp="1 Jun 2022 04:54:18 GMT">
  <testcase classname="TestRunner.Test0011" name="SearchBikeProductAndvalidateUrl" time="4.143"/>
  <testcase classname="TestRunner.Test0011" name="ValidateUrl" time="17.481"/>
</testsuite>
