<?xml version="1.0" encoding="UTF-8"?>
<!-- Generated by org.testng.reporters.JUnitReportReporter -->
<testsuite hostname="DESKTOP-8BIQ62C" failures="0" tests="4" name="TestRunner.Test001" time="67.657" errors="0" timestamp="24 May 2022 05:47:03 GMT">
  <testcase classname="TestRunner.Test001" name="Tc2" time="8.972"/>
  <testcase classname="TestRunner.Test001" name="Tc1" time="19.728"/>
  <testcase classname="TestRunner.Test001" name="Tc4" time="18.293"/>
  <testcase classname="TestRunner.Test001" name="Tc3" time="20.664"/>
</testsuite> <!-- TestRunner.Test001 -->
