<?xml version="1.0" encoding="UTF-8"?>
<!-- Generated by org.testng.reporters.JUnitReportReporter -->
<testsuite hostname="DESKTOP-8BIQ62C" failures="0" tests="4" name="TestRunner.DataProviders" time="30.444" errors="0" timestamp="26 May 2022 05:16:58 GMT">
  <testcase classname="TestRunner.DataProviders" name="Tc1" time="6.840"/>
  <testcase classname="TestRunner.DataProviders" name="Tc1" time="9.801"/>
  <testcase classname="TestRunner.DataProviders" name="Tc1" time="6.838"/>
  <testcase classname="TestRunner.DataProviders" name="Tc1" time="6.965"/>
</testsuite> <!-- TestRunner.DataProviders -->
