<?xml version="1.0" encoding="UTF-8"?>
<!-- Generated by org.testng.reporters.JUnitReportReporter -->
<testsuite hostname="DESKTOP-8BIQ62C" failures="0" tests="1" name="TestRunner.Test003" time="6.220" errors="0" timestamp="27 May 2022 05:51:40 GMT">
  <testcase classname="TestRunner.Test003" name="TC1" time="6.220"/>
</testsuite> <!-- TestRunner.Test003 -->
